Using pre-set license
Built from '2021.1/staging' branch; Version is '2021.1.23f1 (b50729e604a9) revision 11863849'; Using compiler version '192528614'; Build Type 'Release'
OS: 'Windows 10 Pro; OS build 19041.1288; Version 2004; 64bit' Language: 'ru' Physical Memory: 16203 MB
BatchMode: 1, IsHumanControllingUs: 0, StartBugReporterOnCrash: 0, Is64bit: 1, IsPro: 0

COMMAND LINE ARGUMENTS:
C:\Program Files\Unity\Hub\Editor\2021.1.23f1\Editor\Unity.exe
-adb2
-batchMode
-noUpm
-name
AssetImportWorker0
-projectPath
D:/Temp/KsenaRina-DowDL
-logFile
Logs/AssetImportWorker0.log
-srvPort
55262
Successfully changed project path to: D:/Temp/KsenaRina-DowDL
D:/Temp/KsenaRina-DowDL
Using Asset Import Pipeline V2.
Refreshing native plugins compatible for Editor in 106.34 ms, found 12 plugins.
Preloading 2 native plugins for Editor in 1.55 ms.
Initialize engine version: 2021.1.23f1 (b50729e604a9)
[Subsystems] Discovering subsystems at path C:/Program Files/Unity/Hub/Editor/2021.1.23f1/Editor/Data/Resources/UnitySubsystems
[Subsystems] Discovering subsystems at path D:/Temp/KsenaRina-DowDL/Assets
GfxDevice: creating device client; threaded=0; jobified=0
Direct3D:
    Version:  Direct3D 11.0 [level 11.1]
    Renderer: NVIDIA GeForce GTX 1660 Ti with Max-Q Design (ID=0x2191)
    Vendor:   NVIDIA
    VRAM:     5991 MB
    Driver:   30.0.14.7239
Initialize mono
Mono path[0] = 'C:/Program Files/Unity/Hub/Editor/2021.1.23f1/Editor/Data/Managed'
Mono path[1] = 'C:/Program Files/Unity/Hub/Editor/2021.1.23f1/Editor/Data/MonoBleedingEdge/lib/mono/unityjit'
Mono config path = 'C:/Program Files/Unity/Hub/Editor/2021.1.23f1/Editor/Data/MonoBleedingEdge/etc'
Using monoOptions --debugger-agent=transport=dt_socket,embedding=1,server=y,suspend=n,address=127.0.0.1:56624
Begin MonoManager ReloadAssembly
Registering precompiled unity dll's ...
Register platform support module: C:/Program Files/Unity/Hub/Editor/2021.1.23f1/Editor/Data/PlaybackEngines/WindowsStandaloneSupport/UnityEditor.WindowsStandalone.Extensions.dll
Registered in 0.001728 seconds.
Native extension for WindowsStandalone target not found
Refreshing native plugins compatible for Editor in 98.94 ms, found 12 plugins.
Preloading 2 native plugins for Editor in 0.11 ms.
Mono: successfully reloaded assembly
- Completed reload, in  1.634 seconds
Domain Reload Profiling:
	ReloadAssembly (1634ms)
		BeginReloadAssembly (59ms)
			ExecutionOrderSort (0ms)
			DisableScriptedObjects (0ms)
			BackupInstance (0ms)
			ReleaseScriptingObjects (0ms)
			CreateAndSetChildDomain (1ms)
		EndReloadAssembly (504ms)
			LoadAssemblies (57ms)
			RebuildTransferFunctionScriptingTraits (0ms)
			SetupTypeCache (173ms)
			ReleaseScriptCaches (0ms)
			RebuildScriptCaches (27ms)
			SetupLoadedEditorAssemblies (258ms)
				LogAssemblyErrors (0ms)
				InitializePlatformSupportModulesInManaged (6ms)
				SetLoadedEditorAssemblies (0ms)
				RefreshPlugins (99ms)
				BeforeProcessingInitializeOnLoad (2ms)
				ProcessInitializeOnLoadAttributes (115ms)
				ProcessInitializeOnLoadMethodAttributes (35ms)
				AfterProcessingInitializeOnLoad (0ms)
				EditorAssembliesLoaded (0ms)
			ExecutionOrderSort2 (0ms)
			AwakeInstancesAfterBackupRestoration (0ms)
Platform modules already initialized, skipping
Registering precompiled user dll's ...
Registered in 0.005219 seconds.
Begin MonoManager ReloadAssembly
Symbol file LoadedFromMemory doesn't match image D:\Temp\KsenaRina-DowDL\Library\PackageCache\com.unity.visualscripting@1.6.1\Editor\VisualScripting.Core\Dependencies\DotNetZip\Unity.VisualScripting.IonicZip.dll
Symbol file LoadedFromMemory doesn't match image D:\Temp\KsenaRina-DowDL\Library\PackageCache\com.unity.visualscripting@1.6.1\Editor\VisualScripting.Core\Dependencies\YamlDotNet\Unity.VisualScripting.YamlDotNet.dll
Native extension for WindowsStandalone target not found
Refreshing native plugins compatible for Editor in 0.87 ms, found 12 plugins.
Preloading 2 native plugins for Editor in 0.09 ms.
Microsoft has transitioned support of Windows MR devices to OpenXR in Unity 2021, and recommends using Unity's OpenXR plugin. As such, this Windows XR plugin is marked as deprecated and will be removed in the 2021.2 release. It will continue to be supported in the 2020 LTS.
UnityEngine.StackTraceUtility:ExtractStackTrace ()
UnityEngine.DebugLogHandler:LogFormat (UnityEngine.LogType,UnityEngine.Object,string,object[])
UnityEngine.Logger:Log (UnityEngine.LogType,object)
UnityEngine.Debug:LogWarning (object)
UnityEditor.XR.WindowsMR.XRPackage:.cctor () (at Library/PackageCache/com.unity.xr.windowsmr@5.3.0/Editor/WindowsMRPackageMetadata.cs:27)
System.Reflection.MonoCMethod:InternalInvoke (object,object[])
System.RuntimeType:CreateInstanceMono (bool)
System.RuntimeType:CreateInstanceSlow (bool,bool,bool,System.Threading.StackCrawlMark&)
System.RuntimeType:CreateInstanceDefaultCtor (bool,bool,bool,System.Threading.StackCrawlMark&)
System.Activator:CreateInstance (System.Type,bool)
System.Activator:CreateInstance (System.Type)
UnityEditor.XR.Management.XRPackageInitializationBootstrap:BeginPackageInitialization () (at Library/PackageCache/com.unity.xr.management@4.1.0/Editor/XRPackageInitialization.cs:81)
UnityEditor.XR.Management.XRPackageInitializationBootstrap:.cctor () (at Library/PackageCache/com.unity.xr.management@4.1.0/Editor/XRPackageInitialization.cs:50)
System.Runtime.CompilerServices.RuntimeHelpers:RunClassConstructor (System.RuntimeTypeHandle)
UnityEditor.EditorAssemblies:ProcessInitializeOnLoadAttributes (System.Type[])

(Filename: Library/PackageCache/com.unity.xr.windowsmr@5.3.0/Editor/WindowsMRPackageMetadata.cs Line: 27)

[XR] OculusXRPlugin: registering subsystems
[XR] Unable to register display lifecyle provider: [1]
[XR] Oculus Input lifecycle provider registered.
[XR] Unable to register input lifecyle provider: [1]
System.Reflection.TargetInvocationException: Exception has been thrown by the target of an invocation. ---> System.NullReferenceException: Object reference not set to an instance of an object
  at Unity.XR.Oculus.OculusLoader.AssetPathToAbsolutePath (System.String assetPath) [0x00048] in D:\Temp\KsenaRina-DowDL\Library\PackageCache\com.unity.xr.oculus@1.10.0\Runtime\OculusLoader.cs:250 
  at Unity.XR.Oculus.OculusLoader.EditorLoadOVRPlugin () [0x0007b] in D:\Temp\KsenaRina-DowDL\Library\PackageCache\com.unity.xr.oculus@1.10.0\Runtime\OculusLoader.cs:235 
  at (wrapper managed-to-native) System.Reflection.MonoMethod.InternalInvoke(System.Reflection.MonoMethod,object,object[],System.Exception&)
  at System.Reflection.MonoMethod.Invoke (System.Object obj, System.Reflection.BindingFlags invokeAttr, System.Reflection.Binder binder, System.Object[] parameters, System.Globalization.CultureInfo culture) [0x00032] in <695d1cc93cca45069c528c15c9fdd749>:0 
   --- End of inner exception stack trace ---
  at System.Reflection.MonoMethod.Invoke (System.Object obj, System.Reflection.BindingFlags invokeAttr, System.Reflection.Binder binder, System.Object[] parameters, System.Globalization.CultureInfo culture) [0x00048] in <695d1cc93cca45069c528c15c9fdd749>:0 
  at System.Reflection.MethodBase.Invoke (System.Object obj, System.Object[] parameters) [0x00000] in <695d1cc93cca45069c528c15c9fdd749>:0 
  at UnityEditor.EditorAssemblies.ProcessInitializeOnLoadMethodAttributes () [0x00047] in <e5223edb04694b52843b330517542b33>:0 
UnityEngine.StackTraceUtility:ExtractStackTrace ()
UnityEngine.DebugLogHandler:LogFormat (UnityEngine.LogType,UnityEngine.Object,string,object[])
UnityEngine.Logger:Log (UnityEngine.LogType,object)
UnityEngine.Debug:LogError (object)
UnityEditor.EditorAssemblies:ProcessInitializeOnLoadMethodAttributes ()

Mono: successfully reloaded assembly
- Completed reload, in  1.256 seconds
Domain Reload Profiling:
	ReloadAssembly (1257ms)
		BeginReloadAssembly (172ms)
			ExecutionOrderSort (0ms)
			DisableScriptedObjects (5ms)
			BackupInstance (0ms)
			ReleaseScriptingObjects (0ms)
			CreateAndSetChildDomain (22ms)
		EndReloadAssembly (1009ms)
			LoadAssemblies (98ms)
			RebuildTransferFunctionScriptingTraits (0ms)
			SetupTypeCache (389ms)
			ReleaseScriptCaches (1ms)
			RebuildScriptCaches (56ms)
			SetupLoadedEditorAssemblies (366ms)
				LogAssemblyErrors (0ms)
				InitializePlatformSupportModulesInManaged (6ms)
				SetLoadedEditorAssemblies (0ms)
				RefreshPlugins (1ms)
				BeforeProcessingInitializeOnLoad (77ms)
				ProcessInitializeOnLoadAttributes (258ms)
				ProcessInitializeOnLoadMethodAttributes (16ms)
				AfterProcessingInitializeOnLoad (6ms)
				EditorAssembliesLoaded (0ms)
			ExecutionOrderSort2 (0ms)
			AwakeInstancesAfterBackupRestoration (7ms)
Platform modules already initialized, skipping
========================================================================
Worker process is ready to serve import requests
Launched and connected shader compiler UnityShaderCompiler.exe after 0.06 seconds
Refreshing native plugins compatible for Editor in 0.87 ms, found 12 plugins.
Preloading 2 native plugins for Editor in 0.08 ms.
Unloading 3416 Unused Serialized files (Serialized files now loaded: 0)
System memory in use before: 143.0 MB.
System memory in use after: 143.2 MB.

Unloading 23 unused Assets to reduce memory usage. Loaded Objects now: 3895.
Total: 3.425000 ms (FindLiveObjects: 0.298400 ms CreateObjectMapping: 0.233000 ms MarkObjects: 2.797900 ms  DeleteObjects: 0.094500 ms)

AssetImportParameters requested are different than current active one (requested -> active):
  custom:framework-win-MediaFoundation: 216162199b28c13a410421893ffa2e32 -> 
  custom:video-decoder-ogg-theora: a1e56fd34408186e4bbccfd4996cb3dc -> 
  custom:container-muxer-webm: aa71ff27fc2769a1b78a27578f13a17b -> 
  custom:container-demuxer-webm: 4f35f7cbe854078d1ac9338744f61a02 -> 
  custom:container-demuxer-ogg: 62fdf1f143b41e24485cea50d1cbac27 -> 
  custom:video-encoder-webm-vp8: eb34c28f22e8b96e1ab97ce403110664 -> 
  custom:video-decoder-webm-vp8: 9c59270c3fd7afecdb556c50c9e8de78 -> 
  custom:audio-decoder-ogg-vorbis: bf7c407c2cedff20999df2af8eb42d56 -> 
  custom:audio-encoder-webm-vorbis: bf7c407c2cedff20999df2af8eb42d56 -> 
========================================================================
Received Import Request.
  path: Assets/New Terrain 2.asset
  artifactKey: Guid(8fe7f98027eb402499eeef2eb44f4116) Importer(815301076,1909f56bfc062723c751e8b465ee728b)
Start importing Assets/New Terrain 2.asset using Guid(8fe7f98027eb402499eeef2eb44f4116) Importer(815301076,1909f56bfc062723c751e8b465ee728b)  -> (artifact id: '61649b01962c334fd69988cb0b5af118') in 0.028131 seconds 
========================================================================
Received Import Request.
  Time since last request: 0.000101 seconds.
  path: Assets/New Terrain.asset
  artifactKey: Guid(16bf78faaac29cb43b3e6e8f17350729) Importer(815301076,1909f56bfc062723c751e8b465ee728b)
Start importing Assets/New Terrain.asset using Guid(16bf78faaac29cb43b3e6e8f17350729) Importer(815301076,1909f56bfc062723c751e8b465ee728b) Tree prefab at index 0 is missing.
 -> (artifact id: '023df1fad7013cf5f0cadc24386b3dbb') in 0.035757 seconds 
========================================================================
Received Import Request.
  Time since last request: 0.000217 seconds.
  path: Assets/NewLayer.terrainlayer
  artifactKey: Guid(3e0870eb995fa3948b49e17b2cdd6ccd) Importer(815301076,1909f56bfc062723c751e8b465ee728b)
Start importing Assets/NewLayer.terrainlayer using Guid(3e0870eb995fa3948b49e17b2cdd6ccd) Importer(815301076,1909f56bfc062723c751e8b465ee728b)  -> (artifact id: '564e84b69812b763a0c41b2d7ad7a7d4') in 0.028586 seconds 
========================================================================
Received Import Request.
  Time since last request: 0.000104 seconds.
  path: Assets/Tree.prefab
  artifactKey: Guid(1b9ad999fd1708544ad81ba9024de74c) Importer(815301076,1909f56bfc062723c751e8b465ee728b)
Start importing Assets/Tree.prefab using Guid(1b9ad999fd1708544ad81ba9024de74c) Importer(815301076,1909f56bfc062723c751e8b465ee728b)  -> (artifact id: '371a5b8eea995704bf9dd139a698e440') in 0.074311 seconds 
========================================================================
Received Import Request.
  Time since last request: 0.000157 seconds.
  path: Assets/New Terrain 1.asset
  artifactKey: Guid(1d1a2f2d48ddff84a936955c8f045da2) Importer(815301076,1909f56bfc062723c751e8b465ee728b)
Start importing Assets/New Terrain 1.asset using Guid(1d1a2f2d48ddff84a936955c8f045da2) Importer(815301076,1909f56bfc062723c751e8b465ee728b)  -> (artifact id: '12a3dc8a208b3d5cdc253bf1898b93c3') in 0.005652 seconds 
========================================================================
Received Import Request.
  Time since last request: 0.000131 seconds.
  path: Assets/New Terrain 3.asset
  artifactKey: Guid(1531450e0e60f06468ab7859e99e1faa) Importer(815301076,1909f56bfc062723c751e8b465ee728b)
Start importing Assets/New Terrain 3.asset using Guid(1531450e0e60f06468ab7859e99e1faa) Importer(815301076,1909f56bfc062723c751e8b465ee728b)  -> (artifact id: 'c611274cd1e95aa7b35e4f7d9cab6630') in 0.013959 seconds 
========================================================================
Received Import Request.
  Time since last request: 16.460314 seconds.
  path: Assets/Rina/FS000_Night_03_Moonless.mat
  artifactKey: Guid(a69880926d2ec5d4db711764b5451404) Importer(815301076,1909f56bfc062723c751e8b465ee728b)
Start importing Assets/Rina/FS000_Night_03_Moonless.mat using Guid(a69880926d2ec5d4db711764b5451404) Importer(815301076,1909f56bfc062723c751e8b465ee728b)  -> (artifact id: '6b1eb3289b5c1ac71d8f65b39444b5a2') in 0.073246 seconds 
========================================================================
Received Import Request.
  Time since last request: 0.019995 seconds.
  path: Assets/Rina/Terrain.prefab
  artifactKey: Guid(6827ad8d128c4134ba1617f562b985a8) Importer(815301076,1909f56bfc062723c751e8b465ee728b)
Start importing Assets/Rina/Terrain.prefab using Guid(6827ad8d128c4134ba1617f562b985a8) Importer(815301076,1909f56bfc062723c751e8b465ee728b)  -> (artifact id: 'a5c79a1fc7577fa3407ded35467b074b') in 0.004128 seconds 
========================================================================
Received Import Request.
  Time since last request: 0.000260 seconds.
  path: Assets/Rina/Tree.prefab
  artifactKey: Guid(84688d38d7ad271418be228e2114c3e5) Importer(815301076,1909f56bfc062723c751e8b465ee728b)
Start importing Assets/Rina/Tree.prefab using Guid(84688d38d7ad271418be228e2114c3e5) Importer(815301076,1909f56bfc062723c751e8b465ee728b)  -> (artifact id: '7d8cab3a61f4741e1b3d963ffa7f2de9') in 0.075296 seconds 
========================================================================
Received Import Request.
  Time since last request: 35.223900 seconds.
  path: Assets/Tree - Copy.prefab
  artifactKey: Guid(84688d38d7ad271418be228e2114c3e5) Importer(815301076,1909f56bfc062723c751e8b465ee728b)
Start importing Assets/Tree - Copy.prefab using Guid(84688d38d7ad271418be228e2114c3e5) Importer(815301076,1909f56bfc062723c751e8b465ee728b)  -> (artifact id: '111a746fa7dff25d2f403ba8985e6104') in 1.397550 seconds 
========================================================================
Received Import Request.
  Time since last request: 12.307598 seconds.
  path: Assets/Tree_Textures.meta~merged
  artifactKey: Guid(0f629c2e1a4ff1d4e8b6927d5b34a3f7) Importer(815301076,1909f56bfc062723c751e8b465ee728b)
Start importing Assets/Tree_Textures.meta~merged using Guid(0f629c2e1a4ff1d4e8b6927d5b34a3f7) Importer(815301076,1909f56bfc062723c751e8b465ee728b)  -> (artifact id: 'ed3e7218dee7adea02d18db1f0db0a4d') in 0.092669 seconds 
========================================================================
Received Import Request.
  Time since last request: 209.934386 seconds.
  path: Assets/materialyskybox.meta~merged
  artifactKey: Guid(eb2b2cc43be94654082e68303bae8c44) Importer(815301076,1909f56bfc062723c751e8b465ee728b)
Start importing Assets/materialyskybox.meta~merged using Guid(eb2b2cc43be94654082e68303bae8c44) Importer(815301076,1909f56bfc062723c751e8b465ee728b)  -> (artifact id: '1ada1b750ffa9dfd60d1d9c3083cd7d5') in 0.001705 seconds 
========================================================================
Received Import Request.
  Time since last request: 1.529625 seconds.
  path: Assets/materialyskybox
  artifactKey: Guid(547442722d15f14408f31bbda9bf3e4c) Importer(815301076,1909f56bfc062723c751e8b465ee728b)
Start importing Assets/materialyskybox using Guid(547442722d15f14408f31bbda9bf3e4c) Importer(815301076,1909f56bfc062723c751e8b465ee728b)  -> (artifact id: '527b627ae7142eb1167d7c3671c19b49') in 0.001125 seconds 
========================================================================
Received Import Request.
  Time since last request: 1775.091510 seconds.
  path: Assets/Tree_Textures/diffuse.png
  artifactKey: Guid(949cd49339d54a542b3a12f0fc689b42) Importer(815301076,1909f56bfc062723c751e8b465ee728b)
Start importing Assets/Tree_Textures/diffuse.png using Guid(949cd49339d54a542b3a12f0fc689b42) Importer(815301076,1909f56bfc062723c751e8b465ee728b)  -> (artifact id: '1cc4d0bae561218f53237e8dcff08d2c') in 0.023283 seconds 
========================================================================
Received Import Request.
  Time since last request: 0.000159 seconds.
  path: Assets/Tree_Textures/shadow.png
  artifactKey: Guid(b39b6bc5a786c354e8dd7d7a7c7fdc85) Importer(815301076,1909f56bfc062723c751e8b465ee728b)
Start importing Assets/Tree_Textures/shadow.png using Guid(b39b6bc5a786c354e8dd7d7a7c7fdc85) Importer(815301076,1909f56bfc062723c751e8b465ee728b)  -> (artifact id: '5c800d8bc5973114d8cc9c84016cca34') in 0.006396 seconds 
========================================================================
Received Import Request.
  Time since last request: 38.541804 seconds.
  path: Assets/Tree.prefab
  artifactKey: Guid(1b9ad999fd1708544ad81ba9024de74c) Importer(815301076,1909f56bfc062723c751e8b465ee728b)
Start importing Assets/Tree.prefab using Guid(1b9ad999fd1708544ad81ba9024de74c) Importer(815301076,1909f56bfc062723c751e8b465ee728b)  -> (artifact id: '5160e92406a20cf77badfc15efe8a537') in 0.036773 seconds 
========================================================================
Received Prepare
Registering precompiled user dll's ...
Registered in 0.011582 seconds.
Begin MonoManager ReloadAssembly
Symbol file LoadedFromMemory doesn't match image D:\Temp\KsenaRina-DowDL\Library\PackageCache\com.unity.visualscripting@1.6.1\Editor\VisualScripting.Core\Dependencies\DotNetZip\Unity.VisualScripting.IonicZip.dll
Symbol file LoadedFromMemory doesn't match image D:\Temp\KsenaRina-DowDL\Library\PackageCache\com.unity.visualscripting@1.6.1\Editor\VisualScripting.Core\Dependencies\YamlDotNet\Unity.VisualScripting.YamlDotNet.dll
Native extension for WindowsStandalone target not found
Refreshing native plugins compatible for Editor in 3.27 ms, found 12 plugins.
Preloading 2 native plugins for Editor in 0.21 ms.
System.Reflection.TargetInvocationException: Exception has been thrown by the target of an invocation. ---> System.NullReferenceException: Object reference not set to an instance of an object
  at Unity.XR.Oculus.OculusLoader.AssetPathToAbsolutePath (System.String assetPath) [0x00048] in D:\Temp\KsenaRina-DowDL\Library\PackageCache\com.unity.xr.oculus@1.10.0\Runtime\OculusLoader.cs:250 
  at Unity.XR.Oculus.OculusLoader.EditorLoadOVRPlugin () [0x0007b] in D:\Temp\KsenaRina-DowDL\Library\PackageCache\com.unity.xr.oculus@1.10.0\Runtime\OculusLoader.cs:235 
  at (wrapper managed-to-native) System.Reflection.MonoMethod.InternalInvoke(System.Reflection.MonoMethod,object,object[],System.Exception&)
  at System.Reflection.MonoMethod.Invoke (System.Object obj, System.Reflection.BindingFlags invokeAttr, System.Reflection.Binder binder, System.Object[] parameters, System.Globalization.CultureInfo culture) [0x00032] in <695d1cc93cca45069c528c15c9fdd749>:0 
   --- End of inner exception stack trace ---
  at System.Reflection.MonoMethod.Invoke (System.Object obj, System.Reflection.BindingFlags invokeAttr, System.Reflection.Binder binder, System.Object[] parameters, System.Globalization.CultureInfo culture) [0x00048] in <695d1cc93cca45069c528c15c9fdd749>:0 
  at System.Reflection.MethodBase.Invoke (System.Object obj, System.Object[] parameters) [0x00000] in <695d1cc93cca45069c528c15c9fdd749>:0 
  at UnityEditor.EditorAssemblies.ProcessInitializeOnLoadMethodAttributes () [0x00047] in <e5223edb04694b52843b330517542b33>:0 
UnityEngine.StackTraceUtility:ExtractStackTrace ()
UnityEngine.DebugLogHandler:LogFormat (UnityEngine.LogType,UnityEngine.Object,string,object[])
UnityEngine.Logger:Log (UnityEngine.LogType,object)
UnityEngine.Debug:LogError (object)
UnityEditor.EditorAssemblies:ProcessInitializeOnLoadMethodAttributes ()

Mono: successfully reloaded assembly
- Completed reload, in  8.793 seconds
Domain Reload Profiling:
	ReloadAssembly (8793ms)
		BeginReloadAssembly (502ms)
			ExecutionOrderSort (0ms)
			DisableScriptedObjects (6ms)
			BackupInstance (0ms)
			ReleaseScriptingObjects (0ms)
			CreateAndSetChildDomain (100ms)
		EndReloadAssembly (7935ms)
			LoadAssemblies (573ms)
			RebuildTransferFunctionScriptingTraits (0ms)
			SetupTypeCache (2231ms)
			ReleaseScriptCaches (1ms)
			RebuildScriptCaches (59ms)
			SetupLoadedEditorAssemblies (4067ms)
				LogAssemblyErrors (0ms)
				InitializePlatformSupportModulesInManaged (12ms)
				SetLoadedEditorAssemblies (1ms)
				RefreshPlugins (4ms)
				BeforeProcessingInitializeOnLoad (588ms)
				ProcessInitializeOnLoadAttributes (2802ms)
				ProcessInitializeOnLoadMethodAttributes (508ms)
				AfterProcessingInitializeOnLoad (151ms)
				EditorAssembliesLoaded (1ms)
			ExecutionOrderSort2 (0ms)
			AwakeInstancesAfterBackupRestoration (24ms)
Platform modules already initialized, skipping
Refreshing native plugins compatible for Editor in 2.32 ms, found 12 plugins.
Preloading 2 native plugins for Editor in 0.18 ms.
Unloading 3383 Unused Serialized files (Serialized files now loaded: 0)
System memory in use before: 154.3 MB.
System memory in use after: 154.5 MB.

Unloading 18 unused Assets to reduce memory usage. Loaded Objects now: 4020.
Total: 17.219600 ms (FindLiveObjects: 2.026300 ms CreateObjectMapping: 0.548000 ms MarkObjects: 14.597600 ms  DeleteObjects: 0.044900 ms)

AssetImportParameters requested are different than current active one (requested -> active):
  custom:framework-win-MediaFoundation: 216162199b28c13a410421893ffa2e32 -> 
  custom:video-decoder-ogg-theora: a1e56fd34408186e4bbccfd4996cb3dc -> 
  custom:container-muxer-webm: aa71ff27fc2769a1b78a27578f13a17b -> 
  custom:container-demuxer-webm: 4f35f7cbe854078d1ac9338744f61a02 -> 
  custom:container-demuxer-ogg: 62fdf1f143b41e24485cea50d1cbac27 -> 
  custom:video-encoder-webm-vp8: eb34c28f22e8b96e1ab97ce403110664 -> 
  custom:video-decoder-webm-vp8: 9c59270c3fd7afecdb556c50c9e8de78 -> 
  custom:audio-decoder-ogg-vorbis: bf7c407c2cedff20999df2af8eb42d56 -> 
  custom:audio-encoder-webm-vorbis: bf7c407c2cedff20999df2af8eb42d56 -> 
========================================================================
Received Import Request.
  Time since last request: 884.756117 seconds.
  path: Assets/Tree.prefab
  artifactKey: Guid(1b9ad999fd1708544ad81ba9024de74c) Importer(815301076,1909f56bfc062723c751e8b465ee728b)
Start importing Assets/Tree.prefab using Guid(1b9ad999fd1708544ad81ba9024de74c) Importer(815301076,1909f56bfc062723c751e8b465ee728b)  -> (artifact id: 'a4d9dfe8f146396883a79e405712118a') in 0.112387 seconds 
========================================================================
Received Import Request.
  Time since last request: 168.378973 seconds.
  path: Assets/Rina
  artifactKey: Guid(b5351c012fdb6ad409278a51d87d44ed) Importer(815301076,1909f56bfc062723c751e8b465ee728b)
Start importing Assets/Rina using Guid(b5351c012fdb6ad409278a51d87d44ed) Importer(815301076,1909f56bfc062723c751e8b465ee728b)  -> (artifact id: 'd764959ede9ef943440078d2fe7afaeb') in 0.002314 seconds 
========================================================================
Received Import Request.
  Time since last request: 3.419079 seconds.
  path: Assets/Tree_Textures
  artifactKey: Guid(e18078df947d7f142976725afb366af0) Importer(815301076,1909f56bfc062723c751e8b465ee728b)
Start importing Assets/Tree_Textures using Guid(e18078df947d7f142976725afb366af0) Importer(815301076,1909f56bfc062723c751e8b465ee728b)  -> (artifact id: '837b2e5198472d5c4e00b363b16338d5') in 0.001299 seconds 
========================================================================
Received Import Request.
  Time since last request: 0.095852 seconds.
  path: Assets/Tree_Textures/normal_specular.png
  artifactKey: Guid(7d35a80be423f7946a6e752da40b3038) Importer(815301076,1909f56bfc062723c751e8b465ee728b)
Start importing Assets/Tree_Textures/normal_specular.png using Guid(7d35a80be423f7946a6e752da40b3038) Importer(815301076,1909f56bfc062723c751e8b465ee728b)  -> (artifact id: '84293683de131fcc124c5223cdad6c39') in 0.013306 seconds 
========================================================================
Received Import Request.
  Time since last request: 0.000133 seconds.
  path: Assets/Tree_Textures/translucency_gloss.png
  artifactKey: Guid(313cbb04f823c444095dd76e7aa2d1bd) Importer(815301076,1909f56bfc062723c751e8b465ee728b)
Start importing Assets/Tree_Textures/translucency_gloss.png using Guid(313cbb04f823c444095dd76e7aa2d1bd) Importer(815301076,1909f56bfc062723c751e8b465ee728b)  -> (artifact id: 'f17470cb69bed0a22a16dfa81cc0c04a') in 0.006380 seconds 
========================================================================
Received Import Request.
  Time since last request: 11.604382 seconds.
  path: Assets/Materials
  artifactKey: Guid(5e8f87cb5491fef48b8e281b6804b030) Importer(815301076,1909f56bfc062723c751e8b465ee728b)
Start importing Assets/Materials using Guid(5e8f87cb5491fef48b8e281b6804b030) Importer(815301076,1909f56bfc062723c751e8b465ee728b)  -> (artifact id: 'd515d88bd1a6a9d90fdc8bd3cccea743') in 0.001201 seconds 
========================================================================
Received Import Request.
  Time since last request: 11.857225 seconds.
  path: Assets/Prefabs
  artifactKey: Guid(bdf9be7a2f7acae43ba2ab30fb226ffd) Importer(815301076,1909f56bfc062723c751e8b465ee728b)
Start importing Assets/Prefabs using Guid(bdf9be7a2f7acae43ba2ab30fb226ffd) Importer(815301076,1909f56bfc062723c751e8b465ee728b)  -> (artifact id: 'bf0b09917de0d906075a8b31556d5225') in 0.001422 seconds 
========================================================================
Received Import Request.
  Time since last request: 0.087623 seconds.
  path: Assets/Prefabs/Donut.fbx
  artifactKey: Guid(c8240bf286e32cd4ebdde05ec913cd57) Importer(815301076,1909f56bfc062723c751e8b465ee728b)
Start importing Assets/Prefabs/Donut.fbx using Guid(c8240bf286e32cd4ebdde05ec913cd57) Importer(815301076,1909f56bfc062723c751e8b465ee728b)  -> (artifact id: '537cf40c9fcb9b2ef3f7e303bc24ad31') in 0.008336 seconds 
========================================================================
Received Import Request.
  Time since last request: 0.000123 seconds.
  path: Assets/Prefabs/HandPrimitive.prefab
  artifactKey: Guid(6b08ffe78fede2741b041b85c010900d) Importer(815301076,1909f56bfc062723c751e8b465ee728b)
Start importing Assets/Prefabs/HandPrimitive.prefab using Guid(6b08ffe78fede2741b041b85c010900d) Importer(815301076,1909f56bfc062723c751e8b465ee728b)  -> (artifact id: 'a63e71b8deb96afbb68e68a62a10fb55') in 0.002798 seconds 
========================================================================
Received Import Request.
  Time since last request: 0.000232 seconds.
  path: Assets/Prefabs/Hand_R.fbx
  artifactKey: Guid(e919872b167d5a84d95e12575bec19b4) Importer(815301076,1909f56bfc062723c751e8b465ee728b)
Start importing Assets/Prefabs/Hand_R.fbx using Guid(e919872b167d5a84d95e12575bec19b4) Importer(815301076,1909f56bfc062723c751e8b465ee728b)  -> (artifact id: '368915f58010c0036529cf5e6c9aa0bb') in 0.002533 seconds 
========================================================================
Received Import Request.
  Time since last request: 0.000215 seconds.
  path: Assets/Prefabs/XR Rig.prefab
  artifactKey: Guid(8fe145c7da5488e4f8f4a3d59bd97b2a) Importer(815301076,1909f56bfc062723c751e8b465ee728b)
Start importing Assets/Prefabs/XR Rig.prefab using Guid(8fe145c7da5488e4f8f4a3d59bd97b2a) Importer(815301076,1909f56bfc062723c751e8b465ee728b)  -> (artifact id: '81d97338a17d18494badf24ea7641ecc') in 0.008116 seconds 
========================================================================
Received Import Request.
  Time since last request: 0.000191 seconds.
  path: Assets/Prefabs/Hand_L.fbx
  artifactKey: Guid(1b9cf51c7da2e2149bd904e3f748fa44) Importer(815301076,1909f56bfc062723c751e8b465ee728b)
Start importing Assets/Prefabs/Hand_L.fbx using Guid(1b9cf51c7da2e2149bd904e3f748fa44) Importer(815301076,1909f56bfc062723c751e8b465ee728b)  -> (artifact id: 'a5deaa787e918b5f24d15fefd853fca8') in 0.003200 seconds 
========================================================================
Received Import Request.
  Time since last request: 15.966924 seconds.
  path: Assets/Rina/Enviroment.unity
  artifactKey: Guid(bf1638b6f1246d4439ee280b5717cb26) Importer(815301076,1909f56bfc062723c751e8b465ee728b)
Start importing Assets/Rina/Enviroment.unity using Guid(bf1638b6f1246d4439ee280b5717cb26) Importer(815301076,1909f56bfc062723c751e8b465ee728b)  -> (artifact id: '6aef012f9579160a164e859491d95aa3') in 0.001732 seconds 
========================================================================
Received Import Request.
  Time since last request: 14.932718 seconds.
  path: Assets/XR
  artifactKey: Guid(22baeac49dfd54025859cd02808b06f8) Importer(815301076,1909f56bfc062723c751e8b465ee728b)
Start importing Assets/XR using Guid(22baeac49dfd54025859cd02808b06f8) Importer(815301076,1909f56bfc062723c751e8b465ee728b)  -> (artifact id: '81fb26cda2e90a703660e98b7b5b82fd') in 0.001276 seconds 
========================================================================
Received Import Request.
  Time since last request: 52.681335 seconds.
  path: Assets
  artifactKey: Guid(00000000000000001000000000000000) Importer(815301076,1909f56bfc062723c751e8b465ee728b)
Start importing Assets using Guid(00000000000000001000000000000000) Importer(815301076,1909f56bfc062723c751e8b465ee728b)  -> (artifact id: '42d402b061de3733987d63b9cc3b64de') in 0.002313 seconds 
========================================================================
Received Import Request.
  Time since last request: 41.137539 seconds.
  path: Assets/Textures
  artifactKey: Guid(81c685b252be5e443a1b404d26079f6a) Importer(815301076,1909f56bfc062723c751e8b465ee728b)
Start importing Assets/Textures using Guid(81c685b252be5e443a1b404d26079f6a) Importer(815301076,1909f56bfc062723c751e8b465ee728b)  -> (artifact id: 'ae97ecdbbe1857d8074c0d33c8052b65') in 0.001068 seconds 
========================================================================
Received Import Request.
  Time since last request: 15.083807 seconds.
  path: Assets/Materials/Skybox
  artifactKey: Guid(a88d34318058fc04da8f9e2256d4f3a9) Importer(815301076,1909f56bfc062723c751e8b465ee728b)
Start importing Assets/Materials/Skybox using Guid(a88d34318058fc04da8f9e2256d4f3a9) Importer(815301076,1909f56bfc062723c751e8b465ee728b)  -> (artifact id: '1d5602d1abaf346a352ed45dfce87a04') in 0.001203 seconds 
========================================================================
Received Import Request.
  Time since last request: 23.588323 seconds.
  path: Assets/ExampleAssets
  artifactKey: Guid(83b7bbecd9fac4db9824039903a1eea8) Importer(815301076,1909f56bfc062723c751e8b465ee728b)
Start importing Assets/ExampleAssets using Guid(83b7bbecd9fac4db9824039903a1eea8) Importer(815301076,1909f56bfc062723c751e8b465ee728b)  -> (artifact id: 'bd20be3d3b74bba6bc9661c1e1903b77') in 0.001241 seconds 
========================================================================
Received Import Request.
  Time since last request: 1.102019 seconds.
  path: Assets/ExampleAssets/Materials/New Material.mat
  artifactKey: Guid(5f8d1487f2f353e4ba34085ed1564068) Importer(815301076,1909f56bfc062723c751e8b465ee728b)
Start importing Assets/ExampleAssets/Materials/New Material.mat using Guid(5f8d1487f2f353e4ba34085ed1564068) Importer(815301076,1909f56bfc062723c751e8b465ee728b)  -> (artifact id: '6cbb670b0423886363c1f8d7c466adfa') in 0.006106 seconds 
========================================================================
Received Import Request.
  Time since last request: 1.998109 seconds.
  path: Assets/ExampleAssets/Models
  artifactKey: Guid(4a0dd92c4753243b18b4100cf4991b5b) Importer(815301076,1909f56bfc062723c751e8b465ee728b)
Start importing Assets/ExampleAssets/Models using Guid(4a0dd92c4753243b18b4100cf4991b5b) Importer(815301076,1909f56bfc062723c751e8b465ee728b)  -> (artifact id: '503247a4dbe1a1b4729f8712dc30ceb6') in 0.001420 seconds 
========================================================================
Received Import Request.
  Time since last request: 2.003274 seconds.
  path: Assets/ExampleAssets/Prefabs
  artifactKey: Guid(82604acad0a5a414f8a866ee8d466621) Importer(815301076,1909f56bfc062723c751e8b465ee728b)
Start importing Assets/ExampleAssets/Prefabs using Guid(82604acad0a5a414f8a866ee8d466621) Importer(815301076,1909f56bfc062723c751e8b465ee728b)  -> (artifact id: 'bc8b569d330e5fcd4025968a97ef0544') in 0.001093 seconds 
AssetImportWorkerClient::OnTransportError - code=2 error=End of file
